#
# There is insufficient memory for the Java Runtime Environment to continue.
# Native memory allocation (mmap) failed to map 65536 bytes for Failed to commit metaspace.
# Possible reasons:
#   The system is out of physical RAM or swap space
#   The process is running with CompressedOops enabled, and the Java Heap may be blocking the growth of the native heap
# Possible solutions:
#   Reduce memory load on the system
#   Increase physical memory or swap space
#   Check if swap backing store is full
#   Decrease Java heap size (-Xmx/-Xms)
#   Decrease number of Java threads
#   Decrease Java thread stack sizes (-Xss)
#   Set larger code cache with -XX:ReservedCodeCacheSize=
#   JVM is running with Unscaled Compressed Oops mode in which the Java heap is
#     placed in the first 4GB address space. The Java Heap base address is the
#     maximum limit for the native heap growth. Please use -XX:HeapBaseMinAddress
#     to set the Java Heap base and to place the Java Heap above 4GB virtual address.
# This output file may be truncated or incomplete.
#
#  Out of Memory Error (virtualSpaceNode.cpp:110), pid=27528, tid=30952
#
# JRE version: Java(TM) SE Runtime Environment (17.0.10+11) (build 17.0.10+11-LTS-240)
# Java VM: Java HotSpot(TM) 64-Bit Server VM (17.0.10+11-LTS-240, mixed mode, sharing, tiered, compressed oops, compressed class ptrs, g1 gc, windows-amd64)
# No core dump will be written. Minidumps are not enabled by default on client versions of Windows
#

---------------  S U M M A R Y ------------

Command Line: -agentlib:jdwp=transport=dt_socket,address=127.0.0.1:56519,suspend=y,server=n -ea -DnodeNamesHandler=org.jetbrains.plugins.cucumber.java.run.CucumberTestTreeNodeManager -Didea.test.cyclic.buffer.size=1048576 -javaagent:C:\Users\SHELEN~1\AppData\Local\Temp\captureAgent3jars\debugger-agent.jar -Dfile.encoding=UTF-8 com.intellij.rt.junit.JUnitStarter -ideVersion5 -junit4 co.com.prueba.runner.FormularioTest

Host: 11th Gen Intel(R) Core(TM) i3-1115G4 @ 3.00GHz, 4 cores, 3G,  Windows 11 , 64 bit Build 22621 (10.0.22621.3374)
Time: Mon May  6 19:04:59 2024 Hora est. Pacífico, Sudamérica elapsed time: 12.202029 seconds (0d 0h 0m 12s)

---------------  T H R E A D  ---------------

Current thread (0x000001b5f2200bf0):  JavaThread "main" [_thread_in_vm, id=30952, stack(0x0000001ddb800000,0x0000001ddb900000)]

Stack: [0x0000001ddb800000,0x0000001ddb900000]
Native frames: (J=compiled Java code, j=interpreted, Vv=VM code, C=native code)
V  [jvm.dll+0x677a5a]
V  [jvm.dll+0x7d8b2d]
V  [jvm.dll+0x7da48e]
V  [jvm.dll+0x7daaf3]
V  [jvm.dll+0x2455ff]
V  [jvm.dll+0x7d483b]
V  [jvm.dll+0x61dc06]
V  [jvm.dll+0x1bfa87]
V  [jvm.dll+0x620570]
V  [jvm.dll+0x61e5c6]
V  [jvm.dll+0x239c1f]
V  [jvm.dll+0x628365]
V  [jvm.dll+0x1e92ed]
V  [jvm.dll+0x1e98b5]
V  [jvm.dll+0x1ea1fb]
V  [jvm.dll+0x1dfa01]
V  [jvm.dll+0x53d58c]
V  [jvm.dll+0x753438]
V  [jvm.dll+0x753524]
V  [jvm.dll+0x40babf]
V  [jvm.dll+0x411a89]
C  [java.dll+0x17ec]

Java frames: (J=compiled Java code, j=interpreted, Vv=VM code)
J 850  java.lang.ClassLoader.defineClass1(Ljava/lang/ClassLoader;Ljava/lang/String;[BIILjava/security/ProtectionDomain;Ljava/lang/String;)Ljava/lang/Class; java.base@17.0.10 (0 bytes) @ 0x000001b587b1b463 [0x000001b587b1b3a0+0x00000000000000c3]
J 1276 c1 java.lang.ClassLoader.defineClass(Ljava/lang/String;[BIILjava/security/ProtectionDomain;)Ljava/lang/Class; java.base@17.0.10 (43 bytes) @ 0x000001b58027a27c [0x000001b580279f00+0x000000000000037c]
J 1130 c1 java.security.SecureClassLoader.defineClass(Ljava/lang/String;[BIILjava/security/CodeSource;)Ljava/lang/Class; java.base@17.0.10 (16 bytes) @ 0x000001b58022768c [0x000001b5802275c0+0x00000000000000cc]
J 937 c1 jdk.internal.loader.BuiltinClassLoader.defineClass(Ljava/lang/String;Ljdk/internal/loader/Resource;)Ljava/lang/Class; java.base@17.0.10 (121 bytes) @ 0x000001b5801b2fdc [0x000001b5801b2020+0x0000000000000fbc]
J 844 c1 jdk.internal.loader.BuiltinClassLoader.findClassOnClassPathOrNull(Ljava/lang/String;)Ljava/lang/Class; java.base@17.0.10 (64 bytes) @ 0x000001b58017223c [0x000001b580171160+0x00000000000010dc]
J 519 c1 jdk.internal.loader.BuiltinClassLoader.loadClassOrNull(Ljava/lang/String;Z)Ljava/lang/Class; java.base@17.0.10 (143 bytes) @ 0x000001b5800e38f4 [0x000001b5800e29c0+0x0000000000000f34]
J 854 c1 jdk.internal.loader.ClassLoaders$AppClassLoader.loadClass(Ljava/lang/String;Z)Ljava/lang/Class; java.base@17.0.10 (40 bytes) @ 0x000001b58017867c [0x000001b580178060+0x000000000000061c]
J 853 c1 java.lang.ClassLoader.loadClass(Ljava/lang/String;)Ljava/lang/Class; java.base@17.0.10 (7 bytes) @ 0x000001b580177c5c [0x000001b580177b40+0x000000000000011c]
v  ~StubRoutines::call_stub
j  org.codehaus.groovy.runtime.FormatHelper.<clinit>()V+33
v  ~StubRoutines::call_stub
j  org.codehaus.groovy.runtime.GStringUtil.writeToImpl(Ljava/io/Writer;[Ljava/lang/Object;[Ljava/lang/String;)Ljava/io/Writer;+131
j  org.codehaus.groovy.runtime.GStringImpl.writeTo(Ljava/io/Writer;)Ljava/io/Writer;+9
j  groovy.lang.GString.toString()Ljava/lang/String;+14
j  org.codehaus.groovy.runtime.GStringImpl.toString()Ljava/lang/String;+14
j  org.codehaus.groovy.reflection.stdclasses.StringCachedClass.coerceArgument(Ljava/lang/Object;)Ljava/lang/Object;+8
j  org.codehaus.groovy.reflection.ParameterTypes.coerceArgumentsToClasses([Ljava/lang/Object;)[Ljava/lang/Object;+43
j  groovy.lang.MetaMethod.doMethodInvoke(Ljava/lang/Object;[Ljava/lang/Object;)Ljava/lang/Object;+2
j  org.codehaus.groovy.runtime.callsite.StaticMetaMethodSite.invoke(Ljava/lang/Object;[Ljava/lang/Object;)Ljava/lang/Object;+10
j  org.codehaus.groovy.runtime.callsite.StaticMetaMethodSite.callStatic(Ljava/lang/Class;[Ljava/lang/Object;)Ljava/lang/Object;+12
j  org.codehaus.groovy.runtime.callsite.CallSiteArray.defaultCallStatic(Lorg/codehaus/groovy/runtime/callsite/CallSite;Ljava/lang/Class;[Ljava/lang/Object;)Ljava/lang/Object;+8
j  org.codehaus.groovy.runtime.callsite.AbstractCallSite.callStatic(Ljava/lang/Class;[Ljava/lang/Object;)Ljava/lang/Object;+3
j  org.codehaus.groovy.runtime.callsite.AbstractCallSite.callStatic(Ljava/lang/Class;Ljava/lang/Object;Ljava/lang/Object;Ljava/lang/Object;)Ljava/lang/Object;+42
j  io.restassured.internal.RequestSpecificationImpl$_partiallyApplyPathParams_closure36.doCall(Ljava/lang/String;ZLjava/lang/String;Ljava/lang/String;)Ljava/lang/Object;+846
v  ~StubRoutines::call_stub
j  jdk.internal.reflect.NativeMethodAccessorImpl.invoke0(Ljava/lang/reflect/Method;Ljava/lang/Object;[Ljava/lang/Object;)Ljava/lang/Object;+0 java.base@17.0.10
j  jdk.internal.reflect.NativeMethodAccessorImpl.invoke(Ljava/lang/Object;[Ljava/lang/Object;)Ljava/lang/Object;+133 java.base@17.0.10
j  jdk.internal.reflect.DelegatingMethodAccessorImpl.invoke(Ljava/lang/Object;[Ljava/lang/Object;)Ljava/lang/Object;+6 java.base@17.0.10
j  java.lang.reflect.Method.invoke(Ljava/lang/Object;[Ljava/lang/Object;)Ljava/lang/Object;+59 java.base@17.0.10
j  org.codehaus.groovy.reflection.CachedMethod.invoke(Ljava/lang/Object;[Ljava/lang/Object;)Ljava/lang/Object;+42
j  groovy.lang.MetaMethod.doMethodInvoke(Ljava/lang/Object;[Ljava/lang/Object;)Ljava/lang/Object;+9
j  org.codehaus.groovy.runtime.metaclass.ClosureMetaClass.invokeMethod(Ljava/lang/Class;Ljava/lang/Object;Ljava/lang/String;[Ljava/lang/Object;ZZ)Ljava/lang/Object;+229
j  groovy.lang.MetaClassImpl.invokeMethod(Ljava/lang/Object;Ljava/lang/String;[Ljava/lang/Object;)Ljava/lang/Object;+10
j  groovy.lang.MetaClassImpl.doInvokeMethod(Ljava/lang/Class;Ljava/lang/Object;Ljava/lang/String;[Ljava/lang/Object;ZZ)Ljava/lang/Object;+203
j  groovy.lang.MetaClassImpl.invokeMethod(Ljava/lang/Class;Ljava/lang/Object;Ljava/lang/String;[Ljava/lang/Object;ZZ)Ljava/lang/Object;+10
j  groovy.lang.MetaClassImpl.invokeMethod(Ljava/lang/Object;Ljava/lang/String;[Ljava/lang/Object;)Ljava/lang/Object;+10
j  groovy.lang.Closure.call([Ljava/lang/Object;)Ljava/lang/Object;+8
j  org.codehaus.groovy.runtime.DefaultGroovyMethods.inject([Ljava/lang/Object;Ljava/lang/Object;Lgroovy/lang/Closure;)Ljava/lang/Object;+45
j  org.codehaus.groovy.runtime.dgm$438.invoke(Ljava/lang/Object;[Ljava/lang/Object;)Ljava/lang/Object;+13
j  org.codehaus.groovy.runtime.callsite.PojoMetaMethodSite$PojoMetaMethodSiteNoUnwrapNoCoerce.invoke(Ljava/lang/Object;[Ljava/lang/Object;)Ljava/lang/Object;+6
j  org.codehaus.groovy.runtime.callsite.PojoMetaMethodSite.call(Ljava/lang/Object;[Ljava/lang/Object;)Ljava/lang/Object;+12
j  org.codehaus.groovy.runtime.callsite.CallSiteArray.defaultCall(Lorg/codehaus/groovy/runtime/callsite/CallSite;Ljava/lang/Object;[Ljava/lang/Object;)Ljava/lang/Object;+8
j  org.codehaus.groovy.runtime.callsite.AbstractCallSite.call(Ljava/lang/Object;[Ljava/lang/Object;)Ljava/lang/Object;+3
j  org.codehaus.groovy.runtime.callsite.AbstractCallSite.call(Ljava/lang/Object;Ljava/lang/Object;Ljava/lang/Object;)Ljava/lang/Object;+38
j  io.restassured.internal.RequestSpecificationImpl.partiallyApplyPathParams(Ljava/lang/String;ZLjava/util/List;)Ljava/lang/String;+471
v  ~StubRoutines::call_stub
j  jdk.internal.reflect.NativeMethodAccessorImpl.invoke0(Ljava/lang/reflect/Method;Ljava/lang/Object;[Ljava/lang/Object;)Ljava/lang/Object;+0 java.base@17.0.10
j  jdk.internal.reflect.NativeMethodAccessorImpl.invoke(Ljava/lang/Object;[Ljava/lang/Object;)Ljava/lang/Object;+133 java.base@17.0.10
j  jdk.internal.reflect.DelegatingMethodAccessorImpl.invoke(Ljava/lang/Object;[Ljava/lang/Object;)Ljava/lang/Object;+6 java.base@17.0.10
j  java.lang.reflect.Method.invoke(Ljava/lang/Object;[Ljava/lang/Object;)Ljava/lang/Object;+59 java.base@17.0.10
j  org.codehaus.groovy.reflection.CachedMethod.invoke(Ljava/lang/Object;[Ljava/lang/Object;)Ljava/lang/Object;+42
j  groovy.lang.MetaMethod.doMethodInvoke(Ljava/lang/Object;[Ljava/lang/Object;)Ljava/lang/Object;+9
j  groovy.lang.MetaClassImpl.doInvokeMethod(Ljava/lang/Class;Ljava/lang/Object;Ljava/lang/String;[Ljava/lang/Object;ZZ)Ljava/lang/Object;+856
j  groovy.lang.MetaClassImpl.invokeMethod(Ljava/lang/Class;Ljava/lang/Object;Ljava/lang/String;[Ljava/lang/Object;ZZ)Ljava/lang/Object;+10
j  groovy.lang.MetaClassImpl.invokeMethod(Ljava/lang/Object;Ljava/lang/String;[Ljava/lang/Object;)Ljava/lang/Object;+10
j  groovy.lang.MetaClassImpl.invokeMethod(Ljava/lang/Object;Ljava/lang/String;Ljava/lang/Object;)Ljava/lang/Object;+49
j  io.restassured.internal.RequestSpecificationImpl.invokeMethod(Ljava/lang/String;Ljava/lang/Object;)Ljava/lang/Object;+7
j  org.codehaus.groovy.runtime.callsite.PogoInterceptableSite.call(Ljava/lang/Object;[Ljava/lang/Object;)Ljava/lang/Object;+19
j  org.codehaus.groovy.runtime.callsite.PogoInterceptableSite.callCurrent(Lgroovy/lang/GroovyObject;[Ljava/lang/Object;)Ljava/lang/Object;+3
j  org.codehaus.groovy.runtime.callsite.CallSiteArray.defaultCallCurrent(Lorg/codehaus/groovy/runtime/callsite/CallSite;Lgroovy/lang/GroovyObject;[Ljava/lang/Object;)Ljava/lang/Object;+17
j  org.codehaus.groovy.runtime.callsite.AbstractCallSite.callCurrent(Lgroovy/lang/GroovyObject;[Ljava/lang/Object;)Ljava/lang/Object;+3
j  org.codehaus.groovy.runtime.callsite.AbstractCallSite.callCurrent(Lgroovy/lang/GroovyObject;Ljava/lang/Object;Ljava/lang/Object;Ljava/lang/Object;)Ljava/lang/Object;+42
j  io.restassured.internal.RequestSpecificationImpl.newFilterContext(Ljava/lang/Object;Ljava/lang/Object;Ljava/lang/Object;)Ljava/lang/Object;+296
v  ~StubRoutines::call_stub
j  jdk.internal.reflect.NativeMethodAccessorImpl.invoke0(Ljava/lang/reflect/Method;Ljava/lang/Object;[Ljava/lang/Object;)Ljava/lang/Object;+0 java.base@17.0.10
j  jdk.internal.reflect.NativeMethodAccessorImpl.invoke(Ljava/lang/Object;[Ljava/lang/Object;)Ljava/lang/Object;+133 java.base@17.0.10
j  jdk.internal.reflect.DelegatingMethodAccessorImpl.invoke(Ljava/lang/Object;[Ljava/lang/Object;)Ljava/lang/Object;+6 java.base@17.0.10
j  java.lang.reflect.Method.invoke(Ljava/lang/Object;[Ljava/lang/Object;)Ljava/lang/Object;+59 java.base@17.0.10
j  org.codehaus.groovy.reflection.CachedMethod.invoke(Ljava/lang/Object;[Ljava/lang/Object;)Ljava/lang/Object;+42
j  groovy.lang.MetaMethod.doMethodInvoke(Ljava/lang/Object;[Ljava/lang/Object;)Ljava/lang/Object;+9
j  groovy.lang.MetaClassImpl.doInvokeMethod(Ljava/lang/Class;Ljava/lang/Object;Ljava/lang/String;[Ljava/lang/Object;ZZ)Ljava/lang/Object;+856
j  groovy.lang.MetaClassImpl.invokeMethod(Ljava/lang/Class;Ljava/lang/Object;Ljava/lang/String;[Ljava/lang/Object;ZZ)Ljava/lang/Object;+10
j  groovy.lang.MetaClassImpl.invokeMethod(Ljava/lang/Object;Ljava/lang/String;[Ljava/lang/Object;)Ljava/lang/Object;+10
j  groovy.lang.MetaClassImpl.invokeMethod(Ljava/lang/Object;Ljava/lang/String;Ljava/lang/Object;)Ljava/lang/Object;+49
j  io.restassured.internal.RequestSpecificationImpl.invokeMethod(Ljava/lang/String;Ljava/lang/Object;)Ljava/lang/Object;+7
j  org.codehaus.groovy.runtime.callsite.PogoInterceptableSite.call(Ljava/lang/Object;[Ljava/lang/Object;)Ljava/lang/Object;+19
j  org.codehaus.groovy.runtime.callsite.PogoInterceptableSite.callCurrent(Lgroovy/lang/GroovyObject;[Ljava/lang/Object;)Ljava/lang/Object;+3
j  org.codehaus.groovy.runtime.callsite.CallSiteArray.defaultCallCurrent(Lorg/codehaus/groovy/runtime/callsite/CallSite;Lgroovy/lang/GroovyObject;[Ljava/lang/Object;)Ljava/lang/Object;+17
j  org.codehaus.groovy.runtime.callsite.AbstractCallSite.callCurrent(Lgroovy/lang/GroovyObject;[Ljava/lang/Object;)Ljava/lang/Object;+3
j  org.codehaus.groovy.runtime.callsite.AbstractCallSite.callCurrent(Lgroovy/lang/GroovyObject;Ljava/lang/Object;Ljava/lang/Object;Ljava/lang/Object;)Ljava/lang/Object;+42
j  io.restassured.internal.RequestSpecificationImpl.applyPathParamsAndSendRequest(Ljava/lang/String;Ljava/lang/String;[Ljava/lang/Object;)Ljava/lang/Object;+2002
j  io.restassured.internal.RequestSpecificationImpl.this$2$applyPathParamsAndSendRequest(Ljava/lang/String;Ljava/lang/String;[Ljava/lang/Object;)Ljava/lang/Object;+4
v  ~StubRoutines::call_stub
j  jdk.internal.reflect.NativeMethodAccessorImpl.invoke0(Ljava/lang/reflect/Method;Ljava/lang/Object;[Ljava/lang/Object;)Ljava/lang/Object;+0 java.base@17.0.10
j  jdk.internal.reflect.NativeMethodAccessorImpl.invoke(Ljava/lang/Object;[Ljava/lang/Object;)Ljava/lang/Object;+133 java.base@17.0.10
j  jdk.internal.reflect.DelegatingMethodAccessorImpl.invoke(Ljava/lang/Object;[Ljava/lang/Object;)Ljava/lang/Object;+6 java.base@17.0.10
j  java.lang.reflect.Method.invoke(Ljava/lang/Object;[Ljava/lang/Object;)Ljava/lang/Object;+59 java.base@17.0.10
j  org.codehaus.groovy.reflection.CachedMethod.invoke(Ljava/lang/Object;[Ljava/lang/Object;)Ljava/lang/Object;+42
j  groovy.lang.MetaMethod.doMethodInvoke(Ljava/lang/Object;[Ljava/lang/Object;)Ljava/lang/Object;+9
j  groovy.lang.MetaClassImpl.doInvokeMethod(Ljava/lang/Class;Ljava/lang/Object;Ljava/lang/String;[Ljava/lang/Object;ZZ)Ljava/lang/Object;+856
j  groovy.lang.MetaClassImpl.invokeMethod(Ljava/lang/Class;Ljava/lang/Object;Ljava/lang/String;[Ljava/lang/Object;ZZ)Ljava/lang/Object;+10
j  groovy.lang.MetaClassImpl.invokeMethod(Ljava/lang/Object;Ljava/lang/String;[Ljava/lang/Object;)Ljava/lang/Object;+10
j  groovy.lang.MetaClassImpl.invokeMethod(Ljava/lang/Object;Ljava/lang/String;Ljava/lang/Object;)Ljava/lang/Object;+49
j  io.restassured.internal.RequestSpecificationImpl.invokeMethod(Ljava/lang/String;Ljava/lang/Object;)Ljava/lang/Object;+7
j  org.codehaus.groovy.runtime.callsite.PogoInterceptableSite.call(Ljava/lang/Object;[Ljava/lang/Object;)Ljava/lang/Object;+19
j  org.codehaus.groovy.runtime.callsite.PogoInterceptableSite.callCurrent(Lgroovy/lang/GroovyObject;[Ljava/lang/Object;)Ljava/lang/Object;+3
j  org.codehaus.groovy.runtime.callsite.CallSiteArray.defaultCallCurrent(Lorg/codehaus/groovy/runtime/callsite/CallSite;Lgroovy/lang/GroovyObject;[Ljava/lang/Object;)Ljava/lang/Object;+17
j  org.codehaus.groovy.runtime.callsite.AbstractCallSite.callCurrent(Lgroovy/lang/GroovyObject;[Ljava/lang/Object;)Ljava/lang/Object;+3
j  org.codehaus.groovy.runtime.callsite.AbstractCallSite.callCurrent(Lgroovy/lang/GroovyObject;Ljava/lang/Object;Ljava/lang/Object;Ljava/lang/Object;)Ljava/lang/Object;+42
j  io.restassured.internal.RequestSpecificationImpl.applyPathParamsAndSendRequest(Lio/restassured/http/Method;Ljava/lang/String;[Ljava/lang/Object;)Ljava/lang/Object;+42
j  io.restassured.internal.RequestSpecificationImpl.this$2$applyPathParamsAndSendRequest(Lio/restassured/http/Method;Ljava/lang/String;[Ljava/lang/Object;)Ljava/lang/Object;+4
v  ~StubRoutines::call_stub
j  jdk.internal.reflect.NativeMethodAccessorImpl.invoke0(Ljava/lang/reflect/Method;Ljava/lang/Object;[Ljava/lang/Object;)Ljava/lang/Object;+0 java.base@17.0.10
j  jdk.internal.reflect.NativeMethodAccessorImpl.invoke(Ljava/lang/Object;[Ljava/lang/Object;)Ljava/lang/Object;+133 java.base@17.0.10
j  jdk.internal.reflect.DelegatingMethodAccessorImpl.invoke(Ljava/lang/Object;[Ljava/lang/Object;)Ljava/lang/Object;+6 java.base@17.0.10
j  java.lang.reflect.Method.invoke(Ljava/lang/Object;[Ljava/lang/Object;)Ljava/lang/Object;+59 java.base@17.0.10
j  org.codehaus.groovy.reflection.CachedMethod.invoke(Ljava/lang/Object;[Ljava/lang/Object;)Ljava/lang/Object;+42
j  groovy.lang.MetaMethod.doMethodInvoke(Ljava/lang/Object;[Ljava/lang/Object;)Ljava/lang/Object;+9
j  groovy.lang.MetaClassImpl.doInvokeMethod(Ljava/lang/Class;Ljava/lang/Object;Ljava/lang/String;[Ljava/lang/Object;ZZ)Ljava/lang/Object;+856
j  groovy.lang.MetaClassImpl.invokeMethod(Ljava/lang/Class;Ljava/lang/Object;Ljava/lang/String;[Ljava/lang/Object;ZZ)Ljava/lang/Object;+10
j  groovy.lang.MetaClassImpl.invokeMethod(Ljava/lang/Object;Ljava/lang/String;[Ljava/lang/Object;)Ljava/lang/Object;+10
j  groovy.lang.MetaClassImpl.invokeMethod(Ljava/lang/Object;Ljava/lang/String;Ljava/lang/Object;)Ljava/lang/Object;+49
j  io.restassured.internal.RequestSpecificationImpl.invokeMethod(Ljava/lang/String;Ljava/lang/Object;)Ljava/lang/Object;+7
j  org.codehaus.groovy.runtime.callsite.PogoInterceptableSite.call(Ljava/lang/Object;[Ljava/lang/Object;)Ljava/lang/Object;+19
j  org.codehaus.groovy.runtime.callsite.PogoInterceptableSite.callCurrent(Lgroovy/lang/GroovyObject;[Ljava/lang/Object;)Ljava/lang/Object;+3
j  org.codehaus.groovy.runtime.callsite.CallSiteArray.defaultCallCurrent(Lorg/codehaus/groovy/runtime/callsite/CallSite;Lgroovy/lang/GroovyObject;[Ljava/lang/Object;)Ljava/lang/Object;+17
j  org.codehaus.groovy.runtime.callsite.AbstractCallSite.callCurrent(Lgroovy/lang/GroovyObject;[Ljava/lang/Object;)Ljava/lang/Object;+3
j  org.codehaus.groovy.runtime.callsite.AbstractCallSite.callCurrent(Lgroovy/lang/GroovyObject;Ljava/lang/Object;Ljava/lang/Object;Ljava/lang/Object;)Ljava/lang/Object;+42
j  io.restassured.internal.RequestSpecificationImpl.get(Ljava/lang/String;[Ljava/lang/Object;)Lio/restassured/response/Response;+25
j  io.restassured.internal.RequestSpecificationImpl.get(Ljava/lang/String;[Ljava/lang/Object;)Lio/restassured/response/ResponseOptions;+3
v  ~StubRoutines::call_stub
j  jdk.internal.reflect.NativeMethodAccessorImpl.invoke0(Ljava/lang/reflect/Method;Ljava/lang/Object;[Ljava/lang/Object;)Ljava/lang/Object;+0 java.base@17.0.10
j  jdk.internal.reflect.NativeMethodAccessorImpl.invoke(Ljava/lang/Object;[Ljava/lang/Object;)Ljava/lang/Object;+133 java.base@17.0.10
j  jdk.internal.reflect.DelegatingMethodAccessorImpl.invoke(Ljava/lang/Object;[Ljava/lang/Object;)Ljava/lang/Object;+6 java.base@17.0.10
j  java.lang.reflect.Method.invoke(Ljava/lang/Object;[Ljava/lang/Object;)Ljava/lang/Object;+59 java.base@17.0.10
j  org.codehaus.groovy.reflection.CachedMethod.invoke(Ljava/lang/Object;[Ljava/lang/Object;)Ljava/lang/Object;+42
j  groovy.lang.MetaMethod.doMethodInvoke(Ljava/lang/Object;[Ljava/lang/Object;)Ljava/lang/Object;+9
j  groovy.lang.MetaClassImpl.doInvokeMethod(Ljava/lang/Class;Ljava/lang/Object;Ljava/lang/String;[Ljava/lang/Object;ZZ)Ljava/lang/Object;+856
j  groovy.lang.MetaClassImpl.invokeMethod(Ljava/lang/Class;Ljava/lang/Object;Ljava/lang/String;[Ljava/lang/Object;ZZ)Ljava/lang/Object;+10
j  groovy.lang.MetaClassImpl.invokeMethod(Ljava/lang/Object;Ljava/lang/String;[Ljava/lang/Object;)Ljava/lang/Object;+10
j  groovy.lang.MetaClassImpl.invokeMethod(Ljava/lang/Object;Ljava/lang/String;Ljava/lang/Object;)Ljava/lang/Object;+49
j  io.restassured.internal.RequestSpecificationImpl.invokeMethod(Ljava/lang/String;Ljava/lang/Object;)Ljava/lang/Object;+7
j  org.codehaus.groovy.runtime.callsite.PogoInterceptableSite.call(Ljava/lang/Object;[Ljava/lang/Object;)Ljava/lang/Object;+19
j  org.codehaus.groovy.runtime.callsite.PogoInterceptableSite.callCurrent(Lgroovy/lang/GroovyObject;[Ljava/lang/Object;)Ljava/lang/Object;+3
j  org.codehaus.groovy.runtime.callsite.CallSiteArray.defaultCallCurrent(Lorg/codehaus/groovy/runtime/callsite/CallSite;Lgroovy/lang/GroovyObject;[Ljava/lang/Object;)Ljava/lang/Object;+17
j  org.codehaus.groovy.runtime.callsite.AbstractCallSite.callCurrent(Lgroovy/lang/GroovyObject;[Ljava/lang/Object;)Ljava/lang/Object;+3
j  org.codehaus.groovy.runtime.callsite.AbstractCallSite.callCurrent(Lgroovy/lang/GroovyObject;Ljava/lang/Object;)Ljava/lang/Object;+33
j  io.restassured.internal.RequestSpecificationImpl.get()Lio/restassured/response/Response;+12
j  io.restassured.internal.RequestSpecificationImpl.get()Lio/restassured/response/ResponseOptions;+1
j  co.com.prueba.stepdefinitions.crearUsuarioStepDefinitions.realizaUnaSolicitudTipoPOST()V+9
v  ~StubRoutines::call_stub
j  jdk.internal.reflect.NativeMethodAccessorImpl.invoke0(Ljava/lang/reflect/Method;Ljava/lang/Object;[Ljava/lang/Object;)Ljava/lang/Object;+0 java.base@17.0.10
j  jdk.internal.reflect.NativeMethodAccessorImpl.invoke(Ljava/lang/Object;[Ljava/lang/Object;)Ljava/lang/Object;+133 java.base@17.0.10
j  jdk.internal.reflect.DelegatingMethodAccessorImpl.invoke(Ljava/lang/Object;[Ljava/lang/Object;)Ljava/lang/Object;+6 java.base@17.0.10
j  java.lang.reflect.Method.invoke(Ljava/lang/Object;[Ljava/lang/Object;)Ljava/lang/Object;+59 java.base@17.0.10
j  io.cucumber.java.Invoker.doInvoke(Lio/cucumber/core/backend/Located;Ljava/lang/Object;Ljava/lang/reflect/Method;[Ljava/lang/Object;)Ljava/lang/Object;+14
j  io.cucumber.java.Invoker.invoke(Lio/cucumber/core/backend/Located;Ljava/lang/Object;Ljava/lang/reflect/Method;[Ljava/lang/Object;)Ljava/lang/Object;+12
j  io.cucumber.java.AbstractGlueDefinition.invokeMethod([Ljava/lang/Object;)Ljava/lang/Object;+45
j  io.cucumber.java.JavaStepDefinition.execute([Ljava/lang/Object;)V+2
j  io.cucumber.core.runner.CoreStepDefinition.execute([Ljava/lang/Object;)V+5
j  io.cucumber.core.runner.PickleStepDefinitionMatch.runStep(Lio/cucumber/core/backend/TestCaseState;)V+173
j  io.cucumber.core.runner.ExecutionMode$1.execute(Lio/cucumber/core/runner/StepDefinitionMatch;Lio/cucumber/core/runner/TestCaseState;)Lio/cucumber/plugin/event/Status;+2
j  io.cucumber.core.runner.TestStep.executeStep(Lio/cucumber/core/runner/TestCaseState;Lio/cucumber/core/runner/ExecutionMode;)Lio/cucumber/plugin/event/Status;+14
j  io.cucumber.core.runner.TestStep.run(Lio/cucumber/plugin/event/TestCase;Lio/cucumber/core/eventbus/EventBus;Lio/cucumber/core/runner/TestCaseState;Lio/cucumber/core/runner/ExecutionMode;)Lio/cucumber/core/runner/ExecutionMode;+27
j  io.cucumber.core.runner.PickleStepTestStep.run(Lio/cucumber/plugin/event/TestCase;Lio/cucumber/core/eventbus/EventBus;Lio/cucumber/core/runner/TestCaseState;Lio/cucumber/core/runner/ExecutionMode;)Lio/cucumber/core/runner/ExecutionMode;+63
j  io.cucumber.core.runner.TestCase.run(Lio/cucumber/core/eventbus/EventBus;)V+140
j  io.cucumber.core.runner.Runner.runPickle(Lio/cucumber/core/gherkin/Pickle;)V+38
j  io.cucumber.junit.PickleRunners$NoStepDescriptions.run(Lorg/junit/runner/notification/RunNotifier;)V+37
j  io.cucumber.junit.FeatureRunner.runChild(Lio/cucumber/junit/PickleRunners$PickleRunner;Lorg/junit/runner/notification/RunNotifier;)V+11
j  io.cucumber.junit.FeatureRunner.runChild(Ljava/lang/Object;Lorg/junit/runner/notification/RunNotifier;)V+6
j  org.junit.runners.ParentRunner$4.run()V+12
j  org.junit.runners.ParentRunner$1.schedule(Ljava/lang/Runnable;)V+1
j  org.junit.runners.ParentRunner.runChildren(Lorg/junit/runner/notification/RunNotifier;)V+44
j  org.junit.runners.ParentRunner.access$100(Lorg/junit/runners/ParentRunner;Lorg/junit/runner/notification/RunNotifier;)V+2
j  org.junit.runners.ParentRunner$2.evaluate()V+8
j  org.junit.runners.ParentRunner$3.evaluate()V+4
j  org.junit.runners.ParentRunner.run(Lorg/junit/runner/notification/RunNotifier;)V+24
j  io.cucumber.junit.Cucumber.runChild(Lorg/junit/runners/ParentRunner;Lorg/junit/runner/notification/RunNotifier;)V+2
j  io.cucumber.junit.Cucumber.runChild(Ljava/lang/Object;Lorg/junit/runner/notification/RunNotifier;)V+6
j  org.junit.runners.ParentRunner$4.run()V+12
j  org.junit.runners.ParentRunner$1.schedule(Ljava/lang/Runnable;)V+1
j  org.junit.runners.ParentRunner.runChildren(Lorg/junit/runner/notification/RunNotifier;)V+44
j  org.junit.runners.ParentRunner.access$100(Lorg/junit/runners/ParentRunner;Lorg/junit/runner/notification/RunNotifier;)V+2
j  org.junit.runners.ParentRunner$2.evaluate()V+8
j  io.cucumber.junit.Cucumber$RunCucumber.evaluate()V+90
j  org.junit.runners.ParentRunner$3.evaluate()V+4
j  org.junit.runners.ParentRunner.run(Lorg/junit/runner/notification/RunNotifier;)V+24
j  org.junit.runner.JUnitCore.run(Lorg/junit/runner/Runner;)Lorg/junit/runner/Result;+37
j  com.intellij.junit4.JUnit4IdeaTestRunner.startRunnerWithArgs([Ljava/lang/String;Ljava/lang/String;IZ)I+166
j  com.intellij.rt.junit.IdeaTestRunner$Repeater$1.execute(Z)I+17
j  com.intellij.rt.execution.junit.TestsRepeater.repeat(IZLcom/intellij/rt/execution/junit/TestsRepeater$TestRun;)I+7
j  com.intellij.rt.junit.IdeaTestRunner$Repeater.startRunnerWithArgs(Lcom/intellij/rt/junit/IdeaTestRunner;[Ljava/lang/String;Ljava/util/ArrayList;Ljava/lang/String;IZ)I+25
j  com.intellij.rt.junit.JUnitStarter.prepareStreamsAndStart([Ljava/lang/String;Ljava/lang/String;Ljava/util/ArrayList;Ljava/lang/String;)I+117
j  com.intellij.rt.junit.JUnitStarter.main([Ljava/lang/String;)V+97
v  ~StubRoutines::call_stub

---------------  P R O C E S S  ---------------

Threads class SMR info:
_java_thread_list=0x000001b5fe6adfd0, length=15, elements={
0x000001b5f2200bf0, 0x000001b5fe337c20, 0x000001b5fe338f80, 0x000001b5fe3484b0,
0x000001b5fe34bf90, 0x000001b5fe34e960, 0x000001b5fe34f320, 0x000001b5fe3504d0,
0x000001b5fe350f80, 0x000001b5fe3548d0, 0x000001b5fe400930, 0x000001b5fe625e40,
0x000001b5fe630ef0, 0x000001b5fe6317f0, 0x000001b5fe6c0770
}

Java Threads: ( => current thread )
=>0x000001b5f2200bf0 JavaThread "main" [_thread_in_vm, id=30952, stack(0x0000001ddb800000,0x0000001ddb900000)]
  0x000001b5fe337c20 JavaThread "Reference Handler" daemon [_thread_blocked, id=31596, stack(0x0000001ddbf00000,0x0000001ddc000000)]
  0x000001b5fe338f80 JavaThread "Finalizer" daemon [_thread_blocked, id=24672, stack(0x0000001ddc000000,0x0000001ddc100000)]
  0x000001b5fe3484b0 JavaThread "Signal Dispatcher" daemon [_thread_blocked, id=4644, stack(0x0000001ddc100000,0x0000001ddc200000)]
  0x000001b5fe34bf90 JavaThread "Attach Listener" daemon [_thread_blocked, id=24040, stack(0x0000001ddc200000,0x0000001ddc300000)]
  0x000001b5fe34e960 JavaThread "Service Thread" daemon [_thread_blocked, id=16568, stack(0x0000001ddc300000,0x0000001ddc400000)]
  0x000001b5fe34f320 JavaThread "Monitor Deflation Thread" daemon [_thread_blocked, id=32684, stack(0x0000001ddc400000,0x0000001ddc500000)]
  0x000001b5fe3504d0 JavaThread "C2 CompilerThread0" daemon [_thread_blocked, id=3440, stack(0x0000001ddc500000,0x0000001ddc600000)]
  0x000001b5fe350f80 JavaThread "C1 CompilerThread0" daemon [_thread_blocked, id=11320, stack(0x0000001ddc600000,0x0000001ddc700000)]
  0x000001b5fe3548d0 JavaThread "Sweeper thread" daemon [_thread_blocked, id=22164, stack(0x0000001ddc700000,0x0000001ddc800000)]
  0x000001b5fe400930 JavaThread "Common-Cleaner" daemon [_thread_blocked, id=31228, stack(0x0000001ddc800000,0x0000001ddc900000)]
  0x000001b5fe625e40 JavaThread "JDWP Transport Listener: dt_socket" daemon [_thread_blocked, id=14496, stack(0x0000001ddc900000,0x0000001ddca00000)]
  0x000001b5fe630ef0 JavaThread "JDWP Event Helper Thread" daemon [_thread_blocked, id=1776, stack(0x0000001ddca00000,0x0000001ddcb00000)]
  0x000001b5fe6317f0 JavaThread "JDWP Command Reader" daemon [_thread_in_native, id=32348, stack(0x0000001ddcb00000,0x0000001ddcc00000)]
  0x000001b5fe6c0770 JavaThread "Notification Thread" daemon [_thread_blocked, id=28316, stack(0x0000001ddcc00000,0x0000001ddcd00000)]

Other Threads:
  0x000001b5f22ae960 VMThread "VM Thread" [stack: 0x0000001ddbe00000,0x0000001ddbf00000] [id=4600]
  0x000001b5fe6c2c70 WatcherThread [stack: 0x0000001ddcd00000,0x0000001ddce00000] [id=17876]
  0x000001b5f2239b00 GCTaskThread "GC Thread#0" [stack: 0x0000001ddb900000,0x0000001ddba00000] [id=1716]
  0x000001b5fee16b40 GCTaskThread "GC Thread#1" [stack: 0x0000001ddce00000,0x0000001ddcf00000] [id=31044]
  0x000001b5fef76bf0 GCTaskThread "GC Thread#2" [stack: 0x0000001ddcf00000,0x0000001ddd000000] [id=27768]
  0x000001b5ff0c1c30 GCTaskThread "GC Thread#3" [stack: 0x0000001ddd000000,0x0000001ddd100000] [id=22500]
  0x000001b5f016d510 ConcurrentGCThread "G1 Main Marker" [stack: 0x0000001ddba00000,0x0000001ddbb00000] [id=21256]
  0x000001b5f016ebe0 ConcurrentGCThread "G1 Conc#0" [stack: 0x0000001ddbb00000,0x0000001ddbc00000] [id=14768]
  0x000001b5f227cdb0 ConcurrentGCThread "G1 Refine#0" [stack: 0x0000001ddbc00000,0x0000001ddbd00000] [id=4088]
  0x000001b5d4ab2040 ConcurrentGCThread "G1 Refine#1" [stack: 0x0000001ddd100000,0x0000001ddd200000] [id=33376]
  0x000001b5f227e7f0 ConcurrentGCThread "G1 Service" [stack: 0x0000001ddbd00000,0x0000001ddbe00000] [id=21444]

Threads with active compile tasks:

VM state: not at safepoint (normal execution)

VM Mutex/Monitor currently owned by a thread:  ([mutex/lock_event])
[0x000001b5f21faf40] Metaspace_lock - owner thread: 0x000001b5f2200bf0

Heap address: 0x00000000c3200000, size: 974 MB, Compressed Oops mode: 32-bit

CDS archive(s) mapped at: [0x000001b58f000000-0x000001b58fbd0000-0x000001b58fbd0000), size 12386304, SharedBaseAddress: 0x000001b58f000000, ArchiveRelocationMode: 1.
Compressed class space mapped at: 0x000001b590000000-0x000001b5d0000000, reserved size: 1073741824
Narrow klass base: 0x000001b58f000000, Narrow klass shift: 0, Narrow klass range: 0x100000000

GC Precious Log:
 CPUs: 4 total, 4 available
 Memory: 3895M
 Large Page Support: Disabled
 NUMA Support: Disabled
 Compressed Oops: Enabled (32-bit)
 Heap Region Size: 1M
 Heap Min Capacity: 8M
 Heap Initial Capacity: 62M
 Heap Max Capacity: 974M
 Pre-touch: Disabled
 Parallel Workers: 4
 Concurrent Workers: 1
 Concurrent Refinement Workers: 4
 Periodic GC: Disabled

Heap:
 garbage-first heap   total 63488K, used 19607K [0x00000000c3200000, 0x0000000100000000)
  region size 1024K, 13 young (13312K), 5 survivors (5120K)
 Metaspace       used 15981K, committed 16320K, reserved 1114112K
  class space    used 1754K, committed 1920K, reserved 1048576K

Heap Regions: E=young(eden), S=young(survivor), O=old, HS=humongous(starts), HC=humongous(continues), CS=collection set, F=free, OA=open archive, CA=closed archive, TAMS=top-at-mark-start (previous, next)
|   0|0x00000000c3200000, 0x00000000c3300000, 0x00000000c3300000|100%| O|  |TAMS 0x00000000c3200000, 0x00000000c3200000| Untracked 
|   1|0x00000000c3300000, 0x00000000c3400000, 0x00000000c3400000|100%| O|  |TAMS 0x00000000c3300000, 0x00000000c3300000| Untracked 
|   2|0x00000000c3400000, 0x00000000c3500000, 0x00000000c3500000|100%| O|  |TAMS 0x00000000c3400000, 0x00000000c3400000| Untracked 
|   3|0x00000000c3500000, 0x00000000c3600000, 0x00000000c3600000|100%| O|  |TAMS 0x00000000c3500000, 0x00000000c3500000| Untracked 
|   4|0x00000000c3600000, 0x00000000c3700000, 0x00000000c3700000|100%| O|  |TAMS 0x00000000c3600000, 0x00000000c3600000| Untracked 
|   5|0x00000000c3700000, 0x00000000c3700000, 0x00000000c3800000|  0%| F|  |TAMS 0x00000000c3700000, 0x00000000c3700000| Untracked 
|   6|0x00000000c3800000, 0x00000000c3800000, 0x00000000c3900000|  0%| F|  |TAMS 0x00000000c3800000, 0x00000000c3800000| Untracked 
|   7|0x00000000c3900000, 0x00000000c3900000, 0x00000000c3a00000|  0%| F|  |TAMS 0x00000000c3900000, 0x00000000c3900000| Untracked 
|   8|0x00000000c3a00000, 0x00000000c3a00000, 0x00000000c3b00000|  0%| F|  |TAMS 0x00000000c3a00000, 0x00000000c3a00000| Untracked 
|   9|0x00000000c3b00000, 0x00000000c3b00000, 0x00000000c3c00000|  0%| F|  |TAMS 0x00000000c3b00000, 0x00000000c3b00000| Untracked 
|  10|0x00000000c3c00000, 0x00000000c3d00000, 0x00000000c3d00000|100%| O|  |TAMS 0x00000000c3c00000, 0x00000000c3c00000| Untracked 
|  11|0x00000000c3d00000, 0x00000000c3e00000, 0x00000000c3e00000|100%| O|  |TAMS 0x00000000c3d00000, 0x00000000c3d00000| Untracked 
|  12|0x00000000c3e00000, 0x00000000c3e25c00, 0x00000000c3f00000| 14%| O|  |TAMS 0x00000000c3e00000, 0x00000000c3e00000| Untracked 
|  13|0x00000000c3f00000, 0x00000000c3f00000, 0x00000000c4000000|  0%| F|  |TAMS 0x00000000c3f00000, 0x00000000c3f00000| Untracked 
|  14|0x00000000c4000000, 0x00000000c4000000, 0x00000000c4100000|  0%| F|  |TAMS 0x00000000c4000000, 0x00000000c4000000| Untracked 
|  15|0x00000000c4100000, 0x00000000c4100000, 0x00000000c4200000|  0%| F|  |TAMS 0x00000000c4100000, 0x00000000c4100000| Untracked 
|  16|0x00000000c4200000, 0x00000000c4200000, 0x00000000c4300000|  0%| F|  |TAMS 0x00000000c4200000, 0x00000000c4200000| Untracked 
|  17|0x00000000c4300000, 0x00000000c4300000, 0x00000000c4400000|  0%| F|  |TAMS 0x00000000c4300000, 0x00000000c4300000| Untracked 
|  18|0x00000000c4400000, 0x00000000c4400000, 0x00000000c4500000|  0%| F|  |TAMS 0x00000000c4400000, 0x00000000c4400000| Untracked 
|  19|0x00000000c4500000, 0x00000000c4500000, 0x00000000c4600000|  0%| F|  |TAMS 0x00000000c4500000, 0x00000000c4500000| Untracked 
|  20|0x00000000c4600000, 0x00000000c4600000, 0x00000000c4700000|  0%| F|  |TAMS 0x00000000c4600000, 0x00000000c4600000| Untracked 
|  21|0x00000000c4700000, 0x00000000c4800000, 0x00000000c4800000|100%| S|CS|TAMS 0x00000000c4700000, 0x00000000c4700000| Complete 
|  22|0x00000000c4800000, 0x00000000c4900000, 0x00000000c4900000|100%| S|CS|TAMS 0x00000000c4800000, 0x00000000c4800000| Complete 
|  23|0x00000000c4900000, 0x00000000c4a00000, 0x00000000c4a00000|100%| S|CS|TAMS 0x00000000c4900000, 0x00000000c4900000| Complete 
|  24|0x00000000c4a00000, 0x00000000c4b00000, 0x00000000c4b00000|100%| S|CS|TAMS 0x00000000c4a00000, 0x00000000c4a00000| Complete 
|  25|0x00000000c4b00000, 0x00000000c4c00000, 0x00000000c4c00000|100%| S|CS|TAMS 0x00000000c4b00000, 0x00000000c4b00000| Complete 
|  26|0x00000000c4c00000, 0x00000000c4c00000, 0x00000000c4d00000|  0%| F|  |TAMS 0x00000000c4c00000, 0x00000000c4c00000| Untracked 
|  27|0x00000000c4d00000, 0x00000000c4d00000, 0x00000000c4e00000|  0%| F|  |TAMS 0x00000000c4d00000, 0x00000000c4d00000| Untracked 
|  28|0x00000000c4e00000, 0x00000000c4e00000, 0x00000000c4f00000|  0%| F|  |TAMS 0x00000000c4e00000, 0x00000000c4e00000| Untracked 
|  29|0x00000000c4f00000, 0x00000000c4f00000, 0x00000000c5000000|  0%| F|  |TAMS 0x00000000c4f00000, 0x00000000c4f00000| Untracked 
|  30|0x00000000c5000000, 0x00000000c5000000, 0x00000000c5100000|  0%| F|  |TAMS 0x00000000c5000000, 0x00000000c5000000| Untracked 
|  31|0x00000000c5100000, 0x00000000c5100000, 0x00000000c5200000|  0%| F|  |TAMS 0x00000000c5100000, 0x00000000c5100000| Untracked 
|  32|0x00000000c5200000, 0x00000000c5200000, 0x00000000c5300000|  0%| F|  |TAMS 0x00000000c5200000, 0x00000000c5200000| Untracked 
|  33|0x00000000c5300000, 0x00000000c5300000, 0x00000000c5400000|  0%| F|  |TAMS 0x00000000c5300000, 0x00000000c5300000| Untracked 
|  34|0x00000000c5400000, 0x00000000c5400000, 0x00000000c5500000|  0%| F|  |TAMS 0x00000000c5400000, 0x00000000c5400000| Untracked 
|  35|0x00000000c5500000, 0x00000000c5500000, 0x00000000c5600000|  0%| F|  |TAMS 0x00000000c5500000, 0x00000000c5500000| Untracked 
|  36|0x00000000c5600000, 0x00000000c5600000, 0x00000000c5700000|  0%| F|  |TAMS 0x00000000c5600000, 0x00000000c5600000| Untracked 
|  37|0x00000000c5700000, 0x00000000c5700000, 0x00000000c5800000|  0%| F|  |TAMS 0x00000000c5700000, 0x00000000c5700000| Untracked 
|  38|0x00000000c5800000, 0x00000000c5800000, 0x00000000c5900000|  0%| F|  |TAMS 0x00000000c5800000, 0x00000000c5800000| Untracked 
|  39|0x00000000c5900000, 0x00000000c5900000, 0x00000000c5a00000|  0%| F|  |TAMS 0x00000000c5900000, 0x00000000c5900000| Untracked 
|  40|0x00000000c5a00000, 0x00000000c5a00000, 0x00000000c5b00000|  0%| F|  |TAMS 0x00000000c5a00000, 0x00000000c5a00000| Untracked 
|  41|0x00000000c5b00000, 0x00000000c5b00000, 0x00000000c5c00000|  0%| F|  |TAMS 0x00000000c5b00000, 0x00000000c5b00000| Untracked 
|  42|0x00000000c5c00000, 0x00000000c5c00000, 0x00000000c5d00000|  0%| F|  |TAMS 0x00000000c5c00000, 0x00000000c5c00000| Untracked 
|  43|0x00000000c5d00000, 0x00000000c5d00000, 0x00000000c5e00000|  0%| F|  |TAMS 0x00000000c5d00000, 0x00000000c5d00000| Untracked 
|  44|0x00000000c5e00000, 0x00000000c5e00000, 0x00000000c5f00000|  0%| F|  |TAMS 0x00000000c5e00000, 0x00000000c5e00000| Untracked 
|  45|0x00000000c5f00000, 0x00000000c5f00000, 0x00000000c6000000|  0%| F|  |TAMS 0x00000000c5f00000, 0x00000000c5f00000| Untracked 
|  46|0x00000000c6000000, 0x00000000c6000000, 0x00000000c6100000|  0%| F|  |TAMS 0x00000000c6000000, 0x00000000c6000000| Untracked 
|  47|0x00000000c6100000, 0x00000000c6100000, 0x00000000c6200000|  0%| F|  |TAMS 0x00000000c6100000, 0x00000000c6100000| Untracked 
|  48|0x00000000c6200000, 0x00000000c6200000, 0x00000000c6300000|  0%| F|  |TAMS 0x00000000c6200000, 0x00000000c6200000| Untracked 
|  49|0x00000000c6300000, 0x00000000c6300000, 0x00000000c6400000|  0%| F|  |TAMS 0x00000000c6300000, 0x00000000c6300000| Untracked 
|  50|0x00000000c6400000, 0x00000000c6400000, 0x00000000c6500000|  0%| F|  |TAMS 0x00000000c6400000, 0x00000000c6400000| Untracked 
|  51|0x00000000c6500000, 0x00000000c6500000, 0x00000000c6600000|  0%| F|  |TAMS 0x00000000c6500000, 0x00000000c6500000| Untracked 
|  52|0x00000000c6600000, 0x00000000c6600000, 0x00000000c6700000|  0%| F|  |TAMS 0x00000000c6600000, 0x00000000c6600000| Untracked 
|  53|0x00000000c6700000, 0x00000000c6700000, 0x00000000c6800000|  0%| F|  |TAMS 0x00000000c6700000, 0x00000000c6700000| Untracked 
|  54|0x00000000c6800000, 0x00000000c6815190, 0x00000000c6900000|  8%| E|  |TAMS 0x00000000c6800000, 0x00000000c6800000| Complete 
|  55|0x00000000c6900000, 0x00000000c6a00000, 0x00000000c6a00000|100%| E|CS|TAMS 0x00000000c6900000, 0x00000000c6900000| Complete 
|  56|0x00000000c6a00000, 0x00000000c6b00000, 0x00000000c6b00000|100%| E|CS|TAMS 0x00000000c6a00000, 0x00000000c6a00000| Complete 
|  57|0x00000000c6b00000, 0x00000000c6c00000, 0x00000000c6c00000|100%| E|CS|TAMS 0x00000000c6b00000, 0x00000000c6b00000| Complete 
|  58|0x00000000c6c00000, 0x00000000c6d00000, 0x00000000c6d00000|100%| E|CS|TAMS 0x00000000c6c00000, 0x00000000c6c00000| Complete 
|  59|0x00000000c6d00000, 0x00000000c6e00000, 0x00000000c6e00000|100%| E|CS|TAMS 0x00000000c6d00000, 0x00000000c6d00000| Complete 
|  60|0x00000000c6e00000, 0x00000000c6f00000, 0x00000000c6f00000|100%| E|CS|TAMS 0x00000000c6e00000, 0x00000000c6e00000| Complete 
|  61|0x00000000c6f00000, 0x00000000c7000000, 0x00000000c7000000|100%| E|CS|TAMS 0x00000000c6f00000, 0x00000000c6f00000| Complete 

Card table byte_map: [0x000001b5f9c80000,0x000001b5f9e70000] _byte_map_base: 0x000001b5f9667000

Marking Bits (Prev, Next): (CMBitMap*) 0x000001b5f016afd0, (CMBitMap*) 0x000001b5f016b010
 Prev Bits: [0x000001b5fa060000, 0x000001b5faf98000)
 Next Bits: [0x000001b5fafa0000, 0x000001b5fbed8000)

Polling page: 0x000001b5f01a0000

Metaspace:

Usage:
  Non-class:     13.89 MB used.
      Class:      1.71 MB used.
       Both:     15.61 MB used.

Virtual space:
  Non-class space:       64.00 MB reserved,      14.06 MB ( 22%) committed,  1 nodes.
      Class space:        1.00 GB reserved,       1.88 MB ( <1%) committed,  1 nodes.
             Both:        1.06 GB reserved,      15.94 MB (  1%) committed. 

Chunk freelists:
   Non-Class:  1.23 MB
       Class:  14.16 MB
        Both:  15.39 MB

MaxMetaspaceSize: unlimited
CompressedClassSpaceSize: 1.00 GB
Initial GC threshold: 21.00 MB
Current GC threshold: 21.00 MB
CDS: on
MetaspaceReclaimPolicy: balanced
 - commit_granule_bytes: 65536.
 - commit_granule_words: 8192.
 - virtual_space_node_default_size: 8388608.
 - enlarge_chunks_in_place: 1.
 - new_chunks_are_fully_committed: 0.
 - uncommit_free_chunks: 1.
 - use_allocation_guard: 0.
 - handle_deallocations: 1.


Internal statistics:

num_allocs_failed_limit: 0.
num_arena_births: 218.
num_arena_deaths: 0.
num_vsnodes_births: 2.
num_vsnodes_deaths: 0.
num_space_committed: 255.
num_space_uncommitted: 0.
num_chunks_returned_to_freelist: 0.
num_chunks_taken_from_freelist: 744.
num_chunk_merges: 0.
num_chunk_splits: 507.
num_chunks_enlarged: 352.
num_inconsistent_stats: 0.

CodeHeap 'non-profiled nmethods': size=120000Kb used=1130Kb max_used=1130Kb free=118869Kb
 bounds [0x000001b587ad0000, 0x000001b587d40000, 0x000001b58f000000]
CodeHeap 'profiled nmethods': size=120000Kb used=5048Kb max_used=5048Kb free=114951Kb
 bounds [0x000001b580000000, 0x000001b5804f0000, 0x000001b587530000]
CodeHeap 'non-nmethods': size=5760Kb used=2307Kb max_used=2344Kb free=3452Kb
 bounds [0x000001b587530000, 0x000001b5877a0000, 0x000001b587ad0000]
 total_blobs=3065 nmethods=2350 adapters=627
 compilation: enabled
              stopped_count=0, restarted_count=0
 full_count=0

Compilation events (20 events):
Event: 12.138 Thread 0x000001b5fe350f80 nmethod 2343 0x000001b5804e9610 code [0x000001b5804e97a0, 0x000001b5804e98b8]
Event: 12.138 Thread 0x000001b5fe350f80 2344       2       java.lang.ClassValue$Entry::assertNotPromise (22 bytes)
Event: 12.138 Thread 0x000001b5fe350f80 nmethod 2344 0x000001b5804e9990 code [0x000001b5804e9b20, 0x000001b5804e9c18]
Event: 12.140 Thread 0x000001b5fe350f80 2345       3       groovy.lang.MetaClassImpl::getNewMetaMethods (18 bytes)
Event: 12.140 Thread 0x000001b5fe350f80 nmethod 2345 0x000001b5804e9c90 code [0x000001b5804e9e40, 0x000001b5804ea088]
Event: 12.145 Thread 0x000001b5fe3504d0 nmethod 2337 0x000001b587be5490 code [0x000001b587be56a0, 0x000001b587be68c0]
Event: 12.145 Thread 0x000001b5fe3504d0 2338       4       org.codehaus.groovy.runtime.metaclass.MetaMethodIndex::addMethodToList (128 bytes)
Event: 12.145 Thread 0x000001b5fe350f80 2346       3       groovy.lang.MetaClassImpl::addFields (44 bytes)
Event: 12.146 Thread 0x000001b5fe350f80 nmethod 2346 0x000001b5804ea190 code [0x000001b5804ea360, 0x000001b5804ea958]
Event: 12.147 Thread 0x000001b5fe350f80 2347       3       org.codehaus.groovy.reflection.CachedField::isStatic (8 bytes)
Event: 12.147 Thread 0x000001b5fe350f80 nmethod 2347 0x000001b5804eac10 code [0x000001b5804eadc0, 0x000001b5804eb018]
Event: 12.160 Thread 0x000001b5fe350f80 2348       3       sun.reflect.misc.ReflectUtil::checkPackageAccess (77 bytes)
Event: 12.162 Thread 0x000001b5fe350f80 nmethod 2348 0x000001b5804eb110 code [0x000001b5804eb400, 0x000001b5804ec2a8]
Event: 12.162 Thread 0x000001b5fe350f80 2349       3       sun.reflect.generics.reflectiveObjects.LazyReflectiveObjectGenerator::reifyBounds (51 bytes)
Event: 12.163 Thread 0x000001b5fe350f80 nmethod 2349 0x000001b5804ec890 code [0x000001b5804eca80, 0x000001b5804ed308]
Event: 12.172 Thread 0x000001b5fe350f80 2350       3       org.codehaus.groovy.reflection.ClassInfo::getWeakMetaClass (21 bytes)
Event: 12.173 Thread 0x000001b5fe350f80 nmethod 2350 0x000001b5804ed610 code [0x000001b5804ed7c0, 0x000001b5804edb88]
Event: 12.173 Thread 0x000001b5fe350f80 2351       3       org.codehaus.groovy.reflection.ClassInfo::isValidWeakMetaClass (30 bytes)
Event: 12.174 Thread 0x000001b5fe350f80 nmethod 2351 0x000001b5804edd10 code [0x000001b5804edec0, 0x000001b5804ee298]
Event: 12.186 Thread 0x000001b5fe3504d0 nmethod 2338 0x000001b587be7510 code [0x000001b587be7840, 0x000001b587be9600]

GC Heap History (8 events):
Event: 6.310 GC heap before
{Heap before GC invocations=0 (full 0):
 garbage-first heap   total 63488K, used 12288K [0x00000000c3200000, 0x0000000100000000)
  region size 1024K, 13 young (13312K), 0 survivors (0K)
 Metaspace       used 1987K, committed 2112K, reserved 1114112K
  class space    used 224K, committed 320K, reserved 1048576K
}
Event: 6.316 GC heap after
{Heap after GC invocations=1 (full 0):
 garbage-first heap   total 63488K, used 5262K [0x00000000c3200000, 0x0000000100000000)
  region size 1024K, 2 young (2048K), 2 survivors (2048K)
 Metaspace       used 1987K, committed 2112K, reserved 1114112K
  class space    used 224K, committed 320K, reserved 1048576K
}
Event: 7.260 GC heap before
{Heap before GC invocations=1 (full 0):
 garbage-first heap   total 63488K, used 17550K [0x00000000c3200000, 0x0000000100000000)
  region size 1024K, 15 young (15360K), 2 survivors (2048K)
 Metaspace       used 5337K, committed 5504K, reserved 1114112K
  class space    used 556K, committed 640K, reserved 1048576K
}
Event: 7.264 GC heap after
{Heap after GC invocations=2 (full 0):
 garbage-first heap   total 63488K, used 5592K [0x00000000c3200000, 0x0000000100000000)
  region size 1024K, 1 young (1024K), 1 survivors (1024K)
 Metaspace       used 5337K, committed 5504K, reserved 1114112K
  class space    used 556K, committed 640K, reserved 1048576K
}
Event: 9.113 GC heap before
{Heap before GC invocations=2 (full 0):
 garbage-first heap   total 63488K, used 27096K [0x00000000c3200000, 0x0000000100000000)
  region size 1024K, 23 young (23552K), 1 survivors (1024K)
 Metaspace       used 10205K, committed 10432K, reserved 1114112K
  class space    used 1108K, committed 1216K, reserved 1048576K
}
Event: 9.124 GC heap after
{Heap after GC invocations=3 (full 0):
 garbage-first heap   total 63488K, used 7036K [0x00000000c3200000, 0x0000000100000000)
  region size 1024K, 3 young (3072K), 3 survivors (3072K)
 Metaspace       used 10205K, committed 10432K, reserved 1114112K
  class space    used 1108K, committed 1216K, reserved 1048576K
}
Event: 11.999 GC heap before
{Heap before GC invocations=3 (full 0):
 garbage-first heap   total 63488K, used 44924K [0x00000000c3200000, 0x0000000100000000)
  region size 1024K, 36 young (36864K), 3 survivors (3072K)
 Metaspace       used 15805K, committed 16128K, reserved 1114112K
  class space    used 1733K, committed 1920K, reserved 1048576K
}
Event: 12.025 GC heap after
{Heap after GC invocations=4 (full 0):
 garbage-first heap   total 63488K, used 12439K [0x00000000c3200000, 0x0000000100000000)
  region size 1024K, 5 young (5120K), 5 survivors (5120K)
 Metaspace       used 15805K, committed 16128K, reserved 1114112K
  class space    used 1733K, committed 1920K, reserved 1048576K
}

Deoptimization events (20 events):
Event: 12.159 Thread 0x000001b5f2200bf0 DEOPT PACKING pc=0x000001b580177c5c sp=0x0000001ddb8f3be0
Event: 12.159 Thread 0x000001b5f2200bf0 DEOPT UNPACKING pc=0x000001b5875866e3 sp=0x0000001ddb8f3098 mode 1
Event: 12.159 Thread 0x000001b5f2200bf0 DEOPT PACKING pc=0x000001b58032e25c sp=0x0000001ddb8f4570
Event: 12.159 Thread 0x000001b5f2200bf0 DEOPT UNPACKING pc=0x000001b5875866e3 sp=0x0000001ddb8f3a60 mode 1
Event: 12.160 Thread 0x000001b5f2200bf0 DEOPT PACKING pc=0x000001b58046d96c sp=0x0000001ddb8f45b0
Event: 12.160 Thread 0x000001b5f2200bf0 DEOPT UNPACKING pc=0x000001b5875866e3 sp=0x0000001ddb8f3a80 mode 1
Event: 12.160 Thread 0x000001b5f2200bf0 DEOPT PACKING pc=0x000001b58017877c sp=0x0000001ddb8f3c70
Event: 12.160 Thread 0x000001b5f2200bf0 DEOPT UNPACKING pc=0x000001b5875866e3 sp=0x0000001ddb8f3108 mode 1
Event: 12.160 Thread 0x000001b5f2200bf0 DEOPT PACKING pc=0x000001b580177c5c sp=0x0000001ddb8f3d40
Event: 12.160 Thread 0x000001b5f2200bf0 DEOPT UNPACKING pc=0x000001b5875866e3 sp=0x0000001ddb8f31f8 mode 1
Event: 12.160 Thread 0x000001b5f2200bf0 DEOPT PACKING pc=0x000001b58032e25c sp=0x0000001ddb8f46d0
Event: 12.160 Thread 0x000001b5f2200bf0 DEOPT UNPACKING pc=0x000001b5875866e3 sp=0x0000001ddb8f3bc0 mode 1
Event: 12.160 Thread 0x000001b5f2200bf0 DEOPT PACKING pc=0x000001b58017877c sp=0x0000001ddb8f3c00
Event: 12.160 Thread 0x000001b5f2200bf0 DEOPT UNPACKING pc=0x000001b5875866e3 sp=0x0000001ddb8f3098 mode 1
Event: 12.161 Thread 0x000001b5f2200bf0 DEOPT PACKING pc=0x000001b580177c5c sp=0x0000001ddb8f3cd0
Event: 12.161 Thread 0x000001b5f2200bf0 DEOPT UNPACKING pc=0x000001b5875866e3 sp=0x0000001ddb8f3188 mode 1
Event: 12.162 Thread 0x000001b5f2200bf0 DEOPT PACKING pc=0x000001b58032e25c sp=0x0000001ddb8f4660
Event: 12.162 Thread 0x000001b5f2200bf0 DEOPT UNPACKING pc=0x000001b5875866e3 sp=0x0000001ddb8f3b50 mode 1
Event: 12.162 Thread 0x000001b5f2200bf0 DEOPT PACKING pc=0x000001b58046d96c sp=0x0000001ddb8f46a0
Event: 12.162 Thread 0x000001b5f2200bf0 DEOPT UNPACKING pc=0x000001b5875866e3 sp=0x0000001ddb8f3b70 mode 1

Classes unloaded (0 events):
No events

Classes redefined (0 events):
No events

Internal exceptions (20 events):
Event: 11.900 Thread 0x000001b5f2200bf0 Exception <a 'java/lang/ClassNotFoundException'{0x00000000c4d8c8c0}: java/lang/BooleanCustomizer> (0x00000000c4d8c8c0) 
thrown [s\open\src\hotspot\share\classfile\systemDictionary.cpp, line 256]
Event: 12.034 Thread 0x000001b5f2200bf0 Exception <a 'java/lang/ClassNotFoundException'{0x00000000c6fa5ad8}: org/codehaus/groovy/runtime/CurriedClosureBeanInfo> (0x00000000c6fa5ad8) 
thrown [s\open\src\hotspot\share\classfile\systemDictionary.cpp, line 256]
Event: 12.042 Thread 0x000001b5f2200bf0 Exception <a 'java/lang/ClassNotFoundException'{0x00000000c6d08570}: org/codehaus/groovy/runtime/CurriedClosureCustomizer> (0x00000000c6d08570) 
thrown [s\open\src\hotspot\share\classfile\systemDictionary.cpp, line 256]
Event: 12.046 Thread 0x000001b5f2200bf0 Exception <a 'java/lang/ClassNotFoundException'{0x00000000c6d1d230}: groovy/runtime/metaclass/[Ljava/lang/String;MetaClass> (0x00000000c6d1d230) 
thrown [s\open\src\hotspot\share\prims\jni.cpp, line 535]
Event: 12.048 Thread 0x000001b5f2200bf0 Exception <a 'java/lang/ClassNotFoundException'{0x00000000c6d24a78}: [Ljava/lang/String;BeanInfo> (0x00000000c6d24a78) 
thrown [s\open\src\hotspot\share\prims\jni.cpp, line 535]
Event: 12.048 Thread 0x000001b5f2200bf0 Exception <a 'java/lang/ClassNotFoundException'{0x00000000c6d25830}: [Ljava/lang/String;BeanInfo> (0x00000000c6d25830) 
thrown [s\open\src\hotspot\share\prims\jni.cpp, line 535]
Event: 12.048 Thread 0x000001b5f2200bf0 Exception <a 'java/lang/ClassNotFoundException'{0x00000000c6d266a8}: [Ljava/lang/String;Customizer> (0x00000000c6d266a8) 
thrown [s\open\src\hotspot\share\prims\jni.cpp, line 535]
Event: 12.048 Thread 0x000001b5f2200bf0 Exception <a 'java/lang/ClassNotFoundException'{0x00000000c6d27460}: [Ljava/lang/String;Customizer> (0x00000000c6d27460) 
thrown [s\open\src\hotspot\share\prims\jni.cpp, line 535]
Event: 12.077 Thread 0x000001b5f2200bf0 Exception <a 'java/lang/ClassNotFoundException'{0x00000000c6d60bb0}: groovy/lang/GString$1BeanInfo> (0x00000000c6d60bb0) 
thrown [s\open\src\hotspot\share\classfile\systemDictionary.cpp, line 256]
Event: 12.079 Thread 0x000001b5f2200bf0 Exception <a 'java/lang/ClassNotFoundException'{0x00000000c6d73548}: groovy/lang/GStringBeanInfo> (0x00000000c6d73548) 
thrown [s\open\src\hotspot\share\classfile\systemDictionary.cpp, line 256]
Event: 12.079 Thread 0x000001b5f2200bf0 Exception <a 'java/lang/ClassNotFoundException'{0x00000000c6d86128}: groovy/lang/GStringCustomizer> (0x00000000c6d86128) 
thrown [s\open\src\hotspot\share\classfile\systemDictionary.cpp, line 256]
Event: 12.082 Thread 0x000001b5f2200bf0 Exception <a 'java/lang/ClassNotFoundException'{0x00000000c6da2e98}: groovy/lang/GString$1Customizer> (0x00000000c6da2e98) 
thrown [s\open\src\hotspot\share\classfile\systemDictionary.cpp, line 256]
Event: 12.107 Thread 0x000001b5f2200bf0 Exception <a 'java/lang/ClassNotFoundException'{0x00000000c6b748e0}: org/codehaus/groovy/runtime/GStringImplBeanInfo> (0x00000000c6b748e0) 
thrown [s\open\src\hotspot\share\classfile\systemDictionary.cpp, line 256]
Event: 12.113 Thread 0x000001b5f2200bf0 Exception <a 'java/lang/ClassNotFoundException'{0x00000000c6ad7038}: org/codehaus/groovy/runtime/GStringImplCustomizer> (0x00000000c6ad7038) 
thrown [s\open\src\hotspot\share\classfile\systemDictionary.cpp, line 256]
Event: 12.121 Thread 0x000001b5f2200bf0 Exception <a 'java/lang/ClassNotFoundException'{0x00000000c69091a8}: io/restassured/internal/RequestSpecificationImpl$EncodingTargetBeanInfo> (0x00000000c69091a8) 
thrown [s\open\src\hotspot\share\classfile\systemDictionary.cpp, line 256]
Event: 12.123 Thread 0x000001b5f2200bf0 Exception <a 'java/lang/ClassNotFoundException'{0x00000000c69100e8}: io/restassured/internal/RequestSpecificationImpl$EncodingTargetCustomizer> (0x00000000c69100e8) 
thrown [s\open\src\hotspot\share\classfile\systemDictionary.cpp, line 256]
Event: 12.144 Thread 0x000001b5f2200bf0 Exception <a 'java/lang/ClassNotFoundException'{0x00000000c696a808}: io/restassured/config/EncoderConfigBeanInfo> (0x00000000c696a808) 
thrown [s\open\src\hotspot\share\classfile\systemDictionary.cpp, line 256]
Event: 12.144 Thread 0x000001b5f2200bf0 Exception <a 'java/lang/ClassNotFoundException'{0x00000000c6971918}: io/restassured/config/EncoderConfigCustomizer> (0x00000000c6971918) 
thrown [s\open\src\hotspot\share\classfile\systemDictionary.cpp, line 256]
Event: 12.160 Thread 0x000001b5f2200bf0 Exception <a 'java/lang/ClassNotFoundException'{0x00000000c69a5e38}: io/restassured/internal/http/URIBuilderBeanInfo> (0x00000000c69a5e38) 
thrown [s\open\src\hotspot\share\classfile\systemDictionary.cpp, line 256]
Event: 12.162 Thread 0x000001b5f2200bf0 Exception <a 'java/lang/ClassNotFoundException'{0x00000000c69ad098}: io/restassured/internal/http/URIBuilderCustomizer> (0x00000000c69ad098) 
thrown [s\open\src\hotspot\share\classfile\systemDictionary.cpp, line 256]

VM Operations (20 events):
Event: 7.366 Executing VM operation: HandshakeAllThreads
Event: 7.366 Executing VM operation: HandshakeAllThreads done
Event: 7.886 Executing VM operation: ChangeBreakpoints
Event: 7.887 Executing VM operation: ChangeBreakpoints done
Event: 8.112 Executing VM operation: HandshakeAllThreads
Event: 8.112 Executing VM operation: HandshakeAllThreads done
Event: 8.735 Executing VM operation: HandshakeAllThreads
Event: 8.735 Executing VM operation: HandshakeAllThreads done
Event: 9.113 Executing VM operation: G1CollectForAllocation
Event: 9.124 Executing VM operation: G1CollectForAllocation done
Event: 10.028 Executing VM operation: HandshakeAllThreads
Event: 10.028 Executing VM operation: HandshakeAllThreads done
Event: 10.283 Executing VM operation: ICBufferFull
Event: 10.283 Executing VM operation: ICBufferFull done
Event: 11.298 Executing VM operation: Cleanup
Event: 11.298 Executing VM operation: Cleanup done
Event: 11.849 Executing VM operation: HandshakeAllThreads
Event: 11.849 Executing VM operation: HandshakeAllThreads done
Event: 11.999 Executing VM operation: G1CollectForAllocation
Event: 12.025 Executing VM operation: G1CollectForAllocation done

Events (20 events):
Event: 12.159 loading class io/restassured/internal/http/URIBuilderBeanInfo
Event: 12.159 loading class io/restassured/internal/http/URIBuilderBeanInfo done
Event: 12.159 loading class io/restassured/internal/http/URIBuilderBeanInfo
Event: 12.159 loading class io/restassured/internal/http/URIBuilderBeanInfo done
Event: 12.160 loading class io/restassured/internal/http/URIBuilderCustomizer
Event: 12.160 loading class io/restassured/internal/http/URIBuilderCustomizer done
Event: 12.160 loading class io/restassured/internal/http/URIBuilderCustomizer
Event: 12.160 loading class io/restassured/internal/http/URIBuilderCustomizer done
Event: 12.162 loading class io/restassured/internal/http/URIBuilderCustomizer
Event: 12.162 loading class io/restassured/internal/http/URIBuilderCustomizer done
Event: 12.165 loading class java/net/URLEncoder
Event: 12.166 loading class java/net/URLEncoder done
Event: 12.168 loading class java/io/CharArrayWriter
Event: 12.172 loading class java/io/CharArrayWriter done
Event: 12.174 loading class org/codehaus/groovy/runtime/GStringUtil
Event: 12.174 loading class org/codehaus/groovy/runtime/GStringUtil done
Event: 12.176 loading class org/codehaus/groovy/runtime/FormatHelper
Event: 12.176 loading class org/codehaus/groovy/runtime/FormatHelper done
Event: 12.186 loading class org/codehaus/groovy/control/ResolveVisitor
Event: 12.186 loading class org/codehaus/groovy/control/ResolveVisitor done


Dynamic libraries:
0x00007ff650d00000 - 0x00007ff650d10000 	C:\Program Files\Java\jdk-17\bin\java.exe
0x00007ff8f19f0000 - 0x00007ff8f1c06000 	C:\WINDOWS\SYSTEM32\ntdll.dll
0x00007ff8f0cc0000 - 0x00007ff8f0d84000 	C:\WINDOWS\System32\KERNEL32.DLL
0x00007ff8eed10000 - 0x00007ff8ef0b7000 	C:\WINDOWS\System32\KERNELBASE.dll
0x00007ff8ef4a0000 - 0x00007ff8ef5b1000 	C:\WINDOWS\System32\ucrtbase.dll
0x00007ff8e98b0000 - 0x00007ff8e98c9000 	C:\Program Files\Java\jdk-17\bin\jli.dll
0x00007ff8e9b90000 - 0x00007ff8e9bab000 	C:\Program Files\Java\jdk-17\bin\VCRUNTIME140.dll
0x00007ff8efa10000 - 0x00007ff8efac2000 	C:\WINDOWS\System32\ADVAPI32.dll
0x00007ff8f0210000 - 0x00007ff8f02b7000 	C:\WINDOWS\System32\msvcrt.dll
0x00007ff8f1210000 - 0x00007ff8f12b8000 	C:\WINDOWS\System32\sechost.dll
0x00007ff8ef2e0000 - 0x00007ff8ef308000 	C:\WINDOWS\System32\bcrypt.dll
0x00007ff8efc80000 - 0x00007ff8efd95000 	C:\WINDOWS\System32\RPCRT4.dll
0x00007ff8f12c0000 - 0x00007ff8f146e000 	C:\WINDOWS\System32\USER32.dll
0x00007ff8ef0c0000 - 0x00007ff8ef0e6000 	C:\WINDOWS\System32\win32u.dll
0x00007ff8f1980000 - 0x00007ff8f19a9000 	C:\WINDOWS\System32\GDI32.dll
0x00007ff8ef310000 - 0x00007ff8ef429000 	C:\WINDOWS\System32\gdi32full.dll
0x00007ff8ef5c0000 - 0x00007ff8ef65a000 	C:\WINDOWS\System32\msvcp_win.dll
0x00007ff8e3f40000 - 0x00007ff8e3f4a000 	C:\WINDOWS\SYSTEM32\VERSION.dll
0x00007ff8da3a0000 - 0x00007ff8da633000 	C:\WINDOWS\WinSxS\amd64_microsoft.windows.common-controls_6595b64144ccf1df_6.0.22621.3235_none_270f74e173860f98\COMCTL32.dll
0x00007ff8efe20000 - 0x00007ff8efe51000 	C:\WINDOWS\System32\IMM32.DLL
0x00007ff8eb9f0000 - 0x00007ff8eb9fc000 	C:\Program Files\Java\jdk-17\bin\vcruntime140_1.dll
0x00007ff8d4e50000 - 0x00007ff8d4ede000 	C:\Program Files\Java\jdk-17\bin\msvcp140.dll
0x00007ff89c510000 - 0x00007ff89d0ef000 	C:\Program Files\Java\jdk-17\bin\server\jvm.dll
0x00007ff8f0040000 - 0x00007ff8f0048000 	C:\WINDOWS\System32\PSAPI.DLL
0x00007ff8e25a0000 - 0x00007ff8e25a9000 	C:\WINDOWS\SYSTEM32\WSOCK32.dll
0x00007ff8f1900000 - 0x00007ff8f1971000 	C:\WINDOWS\System32\WS2_32.dll
0x00007ff8e3ff0000 - 0x00007ff8e4024000 	C:\WINDOWS\SYSTEM32\WINMM.dll
0x00007ff8edd50000 - 0x00007ff8edd68000 	C:\WINDOWS\SYSTEM32\kernel.appcore.dll
0x00007ff8e9a20000 - 0x00007ff8e9a2a000 	C:\Program Files\Java\jdk-17\bin\jimage.dll
0x00007ff8ec5d0000 - 0x00007ff8ec803000 	C:\WINDOWS\SYSTEM32\DBGHELP.DLL
0x00007ff8f14d0000 - 0x00007ff8f1858000 	C:\WINDOWS\System32\combase.dll
0x00007ff8eff60000 - 0x00007ff8f0037000 	C:\WINDOWS\System32\OLEAUT32.dll
0x00007ff8cd550000 - 0x00007ff8cd582000 	C:\WINDOWS\SYSTEM32\dbgcore.DLL
0x00007ff8ef0f0000 - 0x00007ff8ef169000 	C:\WINDOWS\System32\bcryptPrimitives.dll
0x00007ff8bb3c0000 - 0x00007ff8bb3fb000 	C:\Program Files\Java\jdk-17\bin\jdwp.dll
0x00007ff8e63b0000 - 0x00007ff8e63be000 	C:\Program Files\Java\jdk-17\bin\instrument.dll
0x00007ff8e0ee0000 - 0x00007ff8e0f05000 	C:\Program Files\Java\jdk-17\bin\java.dll
0x00007ff8e5cb0000 - 0x00007ff8e5cc8000 	C:\Program Files\Java\jdk-17\bin\zip.dll
0x00007ff8a7370000 - 0x00007ff8a7447000 	C:\Program Files\Java\jdk-17\bin\jsvml.dll
0x00007ff8f02c0000 - 0x00007ff8f0b1c000 	C:\WINDOWS\System32\SHELL32.dll
0x00007ff8ecc70000 - 0x00007ff8ed569000 	C:\WINDOWS\SYSTEM32\windows.storage.dll
0x00007ff8ecb30000 - 0x00007ff8ecc6e000 	C:\WINDOWS\SYSTEM32\wintypes.dll
0x00007ff8efe60000 - 0x00007ff8eff53000 	C:\WINDOWS\System32\SHCORE.dll
0x00007ff8f18a0000 - 0x00007ff8f18fe000 	C:\WINDOWS\System32\shlwapi.dll
0x00007ff8eec40000 - 0x00007ff8eec61000 	C:\WINDOWS\SYSTEM32\profapi.dll
0x00007ff8da6d0000 - 0x00007ff8da6dc000 	C:\Program Files\Java\jdk-17\bin\dt_socket.dll
0x00007ff8ed810000 - 0x00007ff8ed83d000 	C:\WINDOWS\SYSTEM32\IPHLPAPI.DLL
0x00007ff8ee1c0000 - 0x00007ff8ee229000 	C:\WINDOWS\system32\mswsock.dll
0x00007ff8e1250000 - 0x00007ff8e1269000 	C:\Program Files\Java\jdk-17\bin\net.dll
0x00007ff8e69e0000 - 0x00007ff8e6b16000 	C:\WINDOWS\SYSTEM32\WINHTTP.dll
0x00007ff8e0e40000 - 0x00007ff8e0e56000 	C:\Program Files\Java\jdk-17\bin\nio.dll
0x00007ff8e5c70000 - 0x00007ff8e5c80000 	C:\Program Files\Java\jdk-17\bin\verify.dll
0x00007ff8ee420000 - 0x00007ff8ee43b000 	C:\WINDOWS\SYSTEM32\CRYPTSP.dll
0x00007ff8edcb0000 - 0x00007ff8edce5000 	C:\WINDOWS\system32\rsaenh.dll
0x00007ff8ee2c0000 - 0x00007ff8ee2e8000 	C:\WINDOWS\SYSTEM32\USERENV.dll
0x00007ff8ee440000 - 0x00007ff8ee44c000 	C:\WINDOWS\SYSTEM32\CRYPTBASE.dll
0x00007ff8f0cb0000 - 0x00007ff8f0cb9000 	C:\WINDOWS\System32\NSI.dll
0x00007ff8e6f30000 - 0x00007ff8e6f49000 	C:\WINDOWS\SYSTEM32\dhcpcsvc6.DLL
0x00007ff8e6540000 - 0x00007ff8e655f000 	C:\WINDOWS\SYSTEM32\dhcpcsvc.DLL
0x00007ff8ed890000 - 0x00007ff8ed989000 	C:\WINDOWS\SYSTEM32\DNSAPI.dll

dbghelp: loaded successfully - version: 4.0.5 - missing functions: none
symbol engine: initialized successfully - sym options: 0x614 - pdb path: .;C:\Program Files\Java\jdk-17\bin;C:\WINDOWS\SYSTEM32;C:\WINDOWS\WinSxS\amd64_microsoft.windows.common-controls_6595b64144ccf1df_6.0.22621.3235_none_270f74e173860f98;C:\Program Files\Java\jdk-17\bin\server

VM Arguments:
jvm_args: -agentlib:jdwp=transport=dt_socket,address=127.0.0.1:56519,suspend=y,server=n -ea -DnodeNamesHandler=org.jetbrains.plugins.cucumber.java.run.CucumberTestTreeNodeManager -Didea.test.cyclic.buffer.size=1048576 -javaagent:C:\Users\SHELEN~1\AppData\Local\Temp\captureAgent3jars\debugger-agent.jar -Dfile.encoding=UTF-8 
java_command: com.intellij.rt.junit.JUnitStarter -ideVersion5 -junit4 co.com.prueba.runner.FormularioTest
java_class_path (initial): C:\Program Files\JetBrains\IntelliJ IDEA 2024.1\lib\idea_rt.jar;C:\Program Files\JetBrains\IntelliJ IDEA 2024.1\plugins\junit\lib\junit5-rt.jar;C:\Program Files\JetBrains\IntelliJ IDEA 2024.1\plugins\junit\lib\junit-rt.jar;C:\Users\shelena suarez\Desktop\RETOS A-P\PruebaApiRest\out\test\classes;C:\Users\shelena suarez\Desktop\RETOS A-P\PruebaApiRest\out\test\resources;C:\Users\shelena suarez\Desktop\RETOS A-P\PruebaApiRest\out\production\classes;C:\Users\shelena suarez\.gradle\caches\modules-2\files-2.1\org.seleniumhq.selenium\selenium-java\4.20.0\2cc38c8dbef9d6e8774f05c2d2e8088180858ed4\selenium-java-4.20.0.jar;C:\Users\shelena suarez\.gradle\caches\modules-2\files-2.1\io.cucumber\cucumber-junit\6.11.0\e77000117e158cb36be1828280802a06eae63c59\cucumber-junit-6.11.0.jar;C:\Users\shelena suarez\.gradle\caches\modules-2\files-2.1\io.cucumber\cucumber-java\6.11.0\84ff4534d131088f58c680ae989bb4aa46fe5864\cucumber-java-6.11.0.jar;C:\Users\shelena suarez\.gradle\caches\modules-2\files-2.1\com.github.javafaker\javafaker\1.0.2\be0ff271b1208416822db4438864df47f90af92f\javafaker-1.0.2.jar;C:\Users\shelena suarez\.gradle\caches\modules-2\files-2.1\org.junit.jupiter\junit-jupiter-api\5.7.0\b25f3815c4c1860a73041e733a14a0379d00c4d5\junit-jupiter-api-5.7.0.jar;C:\Users\shelena suarez\.gradle\caches\modules-2\files-2.1\io.rest-assured\rest-assured\5.4.0\7ebfc6d591e132e7b39f13bac9280cc0e4fa4b\rest-assured-5.4.0.jar;C:\Users\shelena suarez\.gradle\caches\modules-2\files-2.1\io.rest-assured\json-path\5.4.0\83ed73b55e45300209493294ddc09ca5f61c46b6\json-path-5.4.0.jar;C:\Users\shelena suarez\.gradle\caches\modules-2\files-2.1\io.rest-assured\xml-path\5.4.0\928041ca2ad08c45ce8008f0cf388297bdc06efe\xml-path-5.4.0.jar;C:\Users\shelena suarez\.gradle\caches\modules-2\files-2.1\org.hamcrest\hamcrest-all\1.3\63a21ebc981131004ad02e0434e799fd7f3a8d5a\hamcrest-all-1.3.jar;C:\Users\shelena suarez\.gradle\caches\modules-2\files-2.1\org.seleniumhq.selenium\selenium-chrom
Launcher Type: SUN_STANDARD

[Global flags]
     intx CICompilerCount                          = 3                                         {product} {ergonomic}
     uint ConcGCThreads                            = 1                                         {product} {ergonomic}
     uint G1ConcRefinementThreads                  = 4                                         {product} {ergonomic}
   size_t G1HeapRegionSize                         = 1048576                                   {product} {ergonomic}
    uintx GCDrainStackTargetSize                   = 64                                        {product} {ergonomic}
   size_t InitialHeapSize                          = 65011712                                  {product} {ergonomic}
   size_t MarkStackSize                            = 4194304                                   {product} {ergonomic}
   size_t MaxHeapSize                              = 1021313024                                {product} {ergonomic}
   size_t MaxNewSize                               = 612368384                                 {product} {ergonomic}
   size_t MinHeapDeltaBytes                        = 1048576                                   {product} {ergonomic}
   size_t MinHeapSize                              = 8388608                                   {product} {ergonomic}
    uintx NonNMethodCodeHeapSize                   = 5832780                                {pd product} {ergonomic}
    uintx NonProfiledCodeHeapSize                  = 122912730                              {pd product} {ergonomic}
    uintx ProfiledCodeHeapSize                     = 122912730                              {pd product} {ergonomic}
    uintx ReservedCodeCacheSize                    = 251658240                              {pd product} {ergonomic}
     bool SegmentedCodeCache                       = true                                      {product} {ergonomic}
   size_t SoftMaxHeapSize                          = 1021313024                             {manageable} {ergonomic}
     bool UseCompressedClassPointers               = true                           {product lp64_product} {ergonomic}
     bool UseCompressedOops                        = true                           {product lp64_product} {ergonomic}
     bool UseG1GC                                  = true                                      {product} {ergonomic}
     bool UseLargePagesIndividualAllocation        = false                                  {pd product} {ergonomic}

Logging:
Log output configuration:
 #0: stdout all=warning uptime,level,tags
 #1: stderr all=off uptime,level,tags

Environment Variables:
JAVA_HOME=C:\Users\shelena suarez\Documents\JAVAjdk\jdk\Java\jdk-17
PATH=C:\Users\shelena suarez\Documents\JAVAjdk\jdk\Java\jdk-17\bin;C:\Program Files\Common Files\Oracle\Java\javapath;C:\WINDOWS\system32;C:\WINDOWS;C:\WINDOWS\System32\Wbem;C:\WINDOWS\System32\WindowsPowerShell\v1.0\;C:\WINDOWS\System32\OpenSSH\;";C:\Program Files\Java\jdk-18.0.2\bin";C:\Program Files\Git\cmd;C:\Program Files\nodejs\;C:\Users\shelena suarez\Desktop\Sonar\sonar-scanner-cli-5.0.1.3006-windows\sonar-scanner-5.0.1.3006-windows\bin;C:\Users\shelena suarez\Downloads\JDK 11\openlogic-openjdk-11.0.22+7-windows-x64\openlogic-openjdk-11.0.22+7-windows-x64\bin;C:\Gradle\gradle-8.7\bin;C:\Users\shelena suarez\AppData\Local\Microsoft\WindowsApps;C:\Users\shelena suarez\AppData\Local\Programs\Microsoft VS Code\bin;C:\Program Files\JetBrains\IntelliJ IDEA Community Edition 2022.2.3\bin;;C:\Users\shelena suarez\AppData\Roaming\npm;C:\Users\shelena suarez\Documents\JAVAjdk\jdk\Java\jdk-17;C:\Users\shelena suarez\Desktop\Sonar\sonar-scanner-cli-5.0.1.3006-windows\sonar-scanner-5.0.1.3006-windows\bin;
USERNAME=shelena suarez
OS=Windows_NT
PROCESSOR_IDENTIFIER=Intel64 Family 6 Model 140 Stepping 1, GenuineIntel



---------------  S Y S T E M  ---------------

OS:
 Windows 11 , 64 bit Build 22621 (10.0.22621.3374)
OS uptime: 14 days 5:25 hours

CPU: total 4 (initial active 4) (2 cores per cpu, 2 threads per core) family 6 model 140 stepping 1 microcode 0x66, cx8, cmov, fxsr, ht, mmx, 3dnowpref, sse, sse2, sse3, ssse3, sse4.1, sse4.2, popcnt, lzcnt, tsc, tscinvbit, avx, avx2, aes, erms, clmul, bmi1, bmi2, adx, avx512f, avx512dq, avx512cd, avx512bw, avx512vl, sha, fma, vzeroupper, avx512_vpopcntdq, avx512_vpclmulqdq, avx512_vaes, avx512_vnni, clflush, clflushopt, clwb, avx512_vbmi2, avx512_vbmi

Memory: 4k page, system-wide physical 3895M (17M free)
TotalPageFile size 15671M (AvailPageFile size 0M)
current process WorkingSet (physical memory assigned to process): 114M, peak: 116M
current process commit charge ("private bytes"): 177M, peak: 179M

vm_info: Java HotSpot(TM) 64-Bit Server VM (17.0.10+11-LTS-240) for windows-amd64 JRE (17.0.10+11-LTS-240), built on Dec 19 2023 21:47:25 by "mach5one" with MS VC++ 17.1 (VS2022)

END.
